#
# There is insufficient memory for the Java Runtime Environment to continue.
# Native memory allocation (malloc) failed to allocate 32744 bytes for ChunkPool::allocate
# Possible reasons:
#   The system is out of physical RAM or swap space
#   The process is running with CompressedOops enabled, and the Java Heap may be blocking the growth of the native heap
# Possible solutions:
#   Reduce memory load on the system
#   Increase physical memory or swap space
#   Check if swap backing store is full
#   Decrease Java heap size (-Xmx/-Xms)
#   Decrease number of Java threads
#   Decrease Java thread stack sizes (-Xss)
#   Set larger code cache with -XX:ReservedCodeCacheSize=
#   JVM is running with Unscaled Compressed Oops mode in which the Java heap is
#     placed in the first 4GB address space. The Java Heap base address is the
#     maximum limit for the native heap growth. Please use -XX:HeapBaseMinAddress
#     to set the Java Heap base and to place the Java Heap above 4GB virtual address.
# This output file may be truncated or incomplete.
#
#  Out of Memory Error (allocation.cpp:272), pid=20676, tid=0x00000000000040c0
#
# JRE version: Java(TM) SE Runtime Environment (8.0_211-b12) (build 1.8.0_211-b12)
# Java VM: Java HotSpot(TM) 64-Bit Server VM (25.211-b12 mixed mode windows-amd64 compressed oops)
# Failed to write core dump. Minidumps are not enabled by default on client versions of Windows
#

---------------  T H R E A D  ---------------

Current thread (0x000000001716a800):  JavaThread "C1 CompilerThread2" daemon [_thread_in_native, id=16576, stack(0x0000000019000000,0x0000000019100000)]

Stack: [0x0000000019000000,0x0000000019100000]
[error occurred during error reporting (printing stack bounds), id 0xc0000005]

Native frames: (J=compiled Java code, j=interpreted, Vv=VM code, C=native code)


Current CompileTask:
C1:    103  159       3       jdk.internal.org.objectweb.asm.Frame::execute (2252 bytes)


---------------  P R O C E S S  ---------------

Java Threads: ( => current thread )
  0x000000001717e800 JavaThread "Service Thread" daemon [_thread_blocked, id=20720, stack(0x0000000019500000,0x0000000019600000)]
=>0x000000001716a800 JavaThread "C1 CompilerThread2" daemon [_thread_in_native, id=16576, stack(0x0000000019000000,0x0000000019100000)]
  0x0000000017168800 JavaThread "C2 CompilerThread1" daemon [_thread_in_native, id=20716, stack(0x0000000018f00000,0x0000000019000000)]
  0x0000000017164800 JavaThread "C2 CompilerThread0" daemon [_thread_blocked, id=20268, stack(0x0000000018e00000,0x0000000018f00000)]
  0x0000000017161000 JavaThread "Attach Listener" daemon [_thread_blocked, id=13616, stack(0x0000000018d00000,0x0000000018e00000)]
  0x000000001715f000 JavaThread "Signal Dispatcher" daemon [_thread_blocked, id=16124, stack(0x0000000018c00000,0x0000000018d00000)]
  0x000000001714c000 JavaThread "Finalizer" daemon [_thread_blocked, id=10828, stack(0x00000000189e0000,0x0000000018ae0000)]
  0x000000001712a800 JavaThread "Reference Handler" daemon [_thread_blocked, id=13040, stack(0x00000000188e0000,0x00000000189e0000)]
  0x00000000009bd800 JavaThread "main" [_thread_in_Java, id=21236, stack(0x0000000002250000,0x0000000002350000)]

Other Threads:
  0x0000000017128000 VMThread [stack: 0x00000000187e0000,0x00000000188e0000] [id=17204]
  0x0000000019199800 WatcherThread [stack: 0x0000000019600000,0x0000000019700000] [id=10844]

VM state:not at safepoint (normal execution)

VM Mutex/Monitor currently owned by a thread: None

heap address: 0x0000000082200000, size: 2014 MB, Compressed Oops mode: 32-bit
Narrow klass base: 0x0000000000000000, Narrow klass shift: 3
Compressed class space size: 1073741824 Address: 0x0000000100000000

Heap:
 PSYoungGen      total 37888K, used 2622K [0x00000000d6100000, 0x00000000d8b00000, 0x0000000100000000)
  eden space 32768K, 8% used [0x00000000d6100000,0x00000000d638f9e0,0x00000000d8100000)
  from space 5120K, 0% used [0x00000000d8600000,0x00000000d8600000,0x00000000d8b00000)
  to   space 5120K, 0% used [0x00000000d8100000,0x00000000d8100000,0x00000000d8600000)
 ParOldGen       total 86016K, used 0K [0x0000000082200000, 0x0000000087600000, 0x00000000d6100000)
  object space 86016K, 0% used [0x0000000082200000,0x0000000082200000,0x0000000087600000)
 Metaspace       used 4121K, capacity 4720K, committed 4992K, reserved 1056768K
  class space    used 482K, capacity 551K, committed 640K, reserved 1048576K

Card table byte_map: [0x0000000011810000,0x0000000011c00000] byte_map_base: 0x00000000113ff000

Marking Bits: (ParMarkBitMap*) 0x0000000068485ce0
 Begin Bits: [0x00000000124a0000, 0x0000000014418000)
 End Bits:   [0x0000000014418000, 0x0000000016390000)

Polling page: 0x00000000001f0000

CodeCache: size=245760Kb used=1324Kb max_used=1324Kb free=244435Kb
 bounds [0x0000000002450000, 0x00000000026c0000, 0x0000000011450000]
 total_blobs=435 nmethods=170 adapters=178
 compilation: enabled

Compilation events (10 events):
Event: 0.097 Thread 0x000000001716a800  150       3       java.lang.invoke.MethodType::checkPtype (19 bytes)
Event: 0.097 Thread 0x000000001716a800 nmethod 150 0x00000000025949d0 code [0x0000000002594b60, 0x0000000002594f38]
Event: 0.097 Thread 0x000000001716a800  153       3       java.lang.invoke.InvokerBytecodeGenerator::isStaticallyNameable (116 bytes)
Event: 0.098 Thread 0x000000001716a800 nmethod 153 0x00000000025956d0 code [0x0000000002595a40, 0x0000000002597b18]
Event: 0.098 Thread 0x000000001716a800  155       3       java.lang.invoke.MethodTypeForm::canonicalize (233 bytes)
Event: 0.099 Thread 0x000000001716a800 nmethod 155 0x0000000002598f50 code [0x00000000025991a0, 0x0000000002599d58]
Event: 0.099 Thread 0x000000001716a800  161       3       java.lang.String::<init> (10 bytes)
Event: 0.099 Thread 0x000000001716a800 nmethod 161 0x000000000259a110 code [0x000000000259a260, 0x000000000259a430]
Event: 0.099 Thread 0x000000001716a800  159       3       jdk.internal.org.objectweb.asm.Frame::execute (2252 bytes)
Event: 0.100 Thread 0x0000000017168800  174       4       jdk.internal.org.objectweb.asm.ByteVector::putUTF8 (142 bytes)

GC Heap History (0 events):
No events

Deoptimization events (0 events):
No events

Classes redefined (0 events):
No events

Internal exceptions (9 events):
Event: 0.024 Thread 0x00000000009bd800 Exception <a 'java/lang/NoSuchMethodError': Method sun.misc.Unsafe.defineClass(Ljava/lang/String;[BII)Ljava/lang/Class; name or signature does not match> (0x00000000d6107cb0) thrown at [C:\re\workspace\8-2-build-windows-amd64-cygwin\jdk8u211\12973\hotspot
Event: 0.024 Thread 0x00000000009bd800 Exception <a 'java/lang/NoSuchMethodError': Method sun.misc.Unsafe.prefetchRead(Ljava/lang/Object;J)V name or signature does not match> (0x00000000d6107f98) thrown at [C:\re\workspace\8-2-build-windows-amd64-cygwin\jdk8u211\12973\hotspot\src\share\vm\prim
Event: 0.069 Thread 0x00000000009bd800 Exception <a 'java/security/PrivilegedActionException'> (0x00000000d6184018) thrown at [C:\re\workspace\8-2-build-windows-amd64-cygwin\jdk8u211\12973\hotspot\src\share\vm\prims\jvm.cpp, line 1502]
Event: 0.069 Thread 0x00000000009bd800 Exception <a 'java/security/PrivilegedActionException'> (0x00000000d6184228) thrown at [C:\re\workspace\8-2-build-windows-amd64-cygwin\jdk8u211\12973\hotspot\src\share\vm\prims\jvm.cpp, line 1502]
Event: 0.070 Thread 0x00000000009bd800 Exception <a 'java/security/PrivilegedActionException'> (0x00000000d6187e98) thrown at [C:\re\workspace\8-2-build-windows-amd64-cygwin\jdk8u211\12973\hotspot\src\share\vm\prims\jvm.cpp, line 1502]
Event: 0.070 Thread 0x00000000009bd800 Exception <a 'java/security/PrivilegedActionException'> (0x00000000d61880a8) thrown at [C:\re\workspace\8-2-build-windows-amd64-cygwin\jdk8u211\12973\hotspot\src\share\vm\prims\jvm.cpp, line 1502]
Event: 0.077 Thread 0x00000000009bd800 Exception <a 'java/io/FileNotFoundException'> (0x00000000d61992e8) thrown at [C:\re\workspace\8-2-build-windows-amd64-cygwin\jdk8u211\12973\hotspot\src\share\vm\prims\jni.cpp, line 710]
Event: 0.100 Thread 0x00000000009bd800 Exception <a 'java/lang/NoSuchFieldError': method resolution failed> (0x00000000d630dad8) thrown at [C:\re\workspace\8-2-build-windows-amd64-cygwin\jdk8u211\12973\hotspot\src\share\vm\prims\methodHandles.cpp, line 1167]
Event: 0.101 Thread 0x00000000009bd800 Exception <a 'java/lang/NoSuchFieldError': method resolution failed> (0x00000000d631aea8) thrown at [C:\re\workspace\8-2-build-windows-amd64-cygwin\jdk8u211\12973\hotspot\src\share\vm\prims\methodHandles.cpp, line 1167]

Events (10 events):
Event: 0.092 loading class java/lang/invoke/WrongMethodTypeException
Event: 0.092 loading class java/lang/invoke/WrongMethodTypeException done
Event: 0.093 loading class java/lang/invoke/MethodHandleImpl$Lazy
Event: 0.093 loading class java/lang/invoke/MethodHandleImpl$Lazy done
Event: 0.093 loading class java/lang/invoke/MethodHandleImpl$IntrinsicMethodHandle
Event: 0.093 loading class java/lang/invoke/MethodHandleImpl$IntrinsicMethodHandle done
Event: 0.100 loading class java/lang/NoSuchFieldError
Event: 0.100 loading class java/lang/NoSuchFieldError done
Event: 0.100 loading class java/lang/IllegalAccessException
Event: 0.100 loading class java/lang/IllegalAccessException done


Dynamic libraries:
0x00007ff6bf630000 - 0x00007ff6bf667000 	C:\Program Files\Java\jre1.8.0_211\bin\javaw.exe
0x00007ff820d70000 - 0x00007ff820f5d000 	C:\Windows\SYSTEM32\ntdll.dll
0x00007ff820bd0000 - 0x00007ff820c83000 	C:\Windows\System32\KERNEL32.DLL
0x00007ff81dce0000 - 0x00007ff81df73000 	C:\Windows\System32\KERNELBASE.dll
0x00007ff81e420000 - 0x00007ff81e4c3000 	C:\Windows\System32\ADVAPI32.dll
0x00007ff81e6b0000 - 0x00007ff81e74e000 	C:\Windows\System32\msvcrt.dll
0x00007ff81ede0000 - 0x00007ff81ee7e000 	C:\Windows\System32\sechost.dll
0x00007ff81ecb0000 - 0x00007ff81edd2000 	C:\Windows\System32\RPCRT4.dll
0x00007ff81e7d0000 - 0x00007ff81e967000 	C:\Windows\System32\USER32.dll
0x00007ff81df80000 - 0x00007ff81dfa0000 	C:\Windows\System32\win32u.dll
0x00007ff81e970000 - 0x00007ff81e999000 	C:\Windows\System32\GDI32.dll
0x00007ff81d7c0000 - 0x00007ff81d95a000 	C:\Windows\System32\gdi32full.dll
0x00007ff81d9b0000 - 0x00007ff81da50000 	C:\Windows\System32\msvcp_win.dll
0x00007ff81cec0000 - 0x00007ff81cfba000 	C:\Windows\System32\ucrtbase.dll
0x00007ff811640000 - 0x00007ff8118b9000 	C:\Windows\WinSxS\amd64_microsoft.windows.common-controls_6595b64144ccf1df_6.0.17763.503_none_05b23ef40721f4ae\COMCTL32.dll
0x00007ff81f190000 - 0x00007ff81f4bc000 	C:\Windows\System32\combase.dll
0x00007ff81ce40000 - 0x00007ff81cebe000 	C:\Windows\System32\bcryptPrimitives.dll
0x00007ff820c90000 - 0x00007ff820cbe000 	C:\Windows\System32\IMM32.DLL
0x0000000067aa0000 - 0x0000000067b72000 	C:\Program Files\Java\jre1.8.0_211\bin\msvcr100.dll
0x0000000067c60000 - 0x0000000068505000 	C:\Program Files\Java\jre1.8.0_211\bin\server\jvm.dll
0x00007ff81eca0000 - 0x00007ff81eca8000 	C:\Windows\System32\PSAPI.DLL
0x00007ff800f70000 - 0x00007ff800f79000 	C:\Windows\SYSTEM32\WSOCK32.dll
0x00007ff81b030000 - 0x00007ff81b054000 	C:\Windows\SYSTEM32\WINMM.dll
0x00007ff818410000 - 0x00007ff81841a000 	C:\Windows\SYSTEM32\VERSION.dll
0x00007ff820b60000 - 0x00007ff820bcd000 	C:\Windows\System32\WS2_32.dll
0x00007ff81aea0000 - 0x00007ff81aecd000 	C:\Windows\SYSTEM32\WINMMBASE.dll
0x00007ff81d960000 - 0x00007ff81d9aa000 	C:\Windows\System32\cfgmgr32.dll
0x00007ff819710000 - 0x00007ff81971f000 	C:\Program Files\Java\jre1.8.0_211\bin\verify.dll
0x00007ff8021c0000 - 0x00007ff8021e9000 	C:\Program Files\Java\jre1.8.0_211\bin\java.dll
0x00007ff815fd0000 - 0x00007ff815fe6000 	C:\Program Files\Java\jre1.8.0_211\bin\zip.dll
0x00007ff81f670000 - 0x00007ff820b60000 	C:\Windows\System32\SHELL32.dll
0x00007ff81e9a0000 - 0x00007ff81ea48000 	C:\Windows\System32\shcore.dll
0x00007ff81d010000 - 0x00007ff81d75a000 	C:\Windows\System32\windows.storage.dll
0x00007ff81cdf0000 - 0x00007ff81ce14000 	C:\Windows\System32\profapi.dll
0x00007ff81cd90000 - 0x00007ff81cded000 	C:\Windows\System32\powrprof.dll
0x00007ff81e4d0000 - 0x00007ff81e522000 	C:\Windows\System32\shlwapi.dll
0x00007ff81cd70000 - 0x00007ff81cd81000 	C:\Windows\System32\kernel.appcore.dll
0x00007ff81cff0000 - 0x00007ff81d007000 	C:\Windows\System32\cryptsp.dll
0x00007fffb2970000 - 0x00007fffb2b09000 	C:\Program Files\Java\jre1.8.0_211\bin\awt.dll
0x00007ff81f520000 - 0x00007ff81f5e4000 	C:\Windows\System32\OLEAUT32.dll
0x00007ff81b150000 - 0x00007ff81b1dc000 	C:\Windows\SYSTEM32\apphelp.dll

VM Arguments:
jvm_args: -Dfile.encoding=ISO-8859-1 
java_command: ejecutable.PPAL
java_class_path (initial): D:\Estudio\TECNOLOGÍA\2019-1\REPOSITORIO\PPI2019-1\bin;C:\Users\Miguel\Desktop\mysql-connector-java-5.1.13-bin.jar
Launcher Type: SUN_STANDARD

Environment Variables:
PATH=C:/Program Files/Java/jre1.8.0_211/bin/server;C:/Program Files/Java/jre1.8.0_211/bin;C:/Program Files/Java/jre1.8.0_211/lib/amd64;C:\Program Files (x86)\Common Files\Oracle\Java\javapath;C:\Windows\system32;C:\Windows;C:\Windows\System32\Wbem;C:\Windows\System32\WindowsPowerShell\v1.0\;C:\Windows\System32\OpenSSH\;C:\Program Files\NVIDIA Corporation\NVIDIA NvDLISR;C:\Program Files (x86)\NVIDIA Corporation\PhysX\Common;D:\Git\cmd;C:\Users\Miguel\AppData\Local\Microsoft\WindowsApps;;D:\PROGRAMACIÓN\Microsoft VS Code\bin;C:\Users\Miguel\Desktop;
USERNAME=Miguel
OS=Windows_NT
PROCESSOR_IDENTIFIER=Intel64 Family 6 Model 158 Stepping 10, GenuineIntel



---------------  S Y S T E M  ---------------

OS: Windows 10.0 , 64 bit Build 17763 (10.0.17763.475)

CPU:total 6 (initial active 6) (6 cores per cpu, 1 threads per core) family 6 model 158 stepping 10, cmov, cx8, fxsr, mmx, sse, sse2, sse3, ssse3, sse4.1, sse4.2, popcnt, avx, avx2, aes, clmul, erms, 3dnowpref, lzcnt, tsc, tscinvbit, bmi1, bmi2, adx

Memory: 4k page, physical 8246724k(1593568k free), swap 22820416k(3220k free)

vm_info: Java HotSpot(TM) 64-Bit Server VM (25.211-b12) for windows-amd64 JRE (1.8.0_211-b12), built on Apr  1 2019 20:53:26 by "java_re" with MS VC++ 10.0 (VS2010)

time: Sat Jun 01 23:48:17 2019
timezone: Hora est. Pacífico, Sudamérica
elapsed time: 0 seconds (0d 0h 0m 0s)

